c:\users\aobri\source\repos\itnernal\build\intermediates\vc143.pdb
c:\users\aobri\source\repos\itnernal\build\intermediates\hooks.obj
c:\users\aobri\source\repos\itnernal\build\intermediates\gui.obj
c:\users\aobri\source\repos\itnernal\build\intermediates\dllmain.obj
c:\users\aobri\source\repos\itnernal\build\intermediates\imgui_widgets.obj
c:\users\aobri\source\repos\itnernal\build\intermediates\imgui_tables.obj
c:\users\aobri\source\repos\itnernal\build\intermediates\imgui_impl_win32.obj
c:\users\aobri\source\repos\itnernal\build\intermediates\imgui_impl_dx9.obj
c:\users\aobri\source\repos\itnernal\build\intermediates\imgui_impl_dx10.obj
c:\users\aobri\source\repos\itnernal\build\intermediates\imgui_draw.obj
c:\users\aobri\source\repos\itnernal\build\intermediates\imgui_demo.obj
c:\users\aobri\source\repos\itnernal\build\intermediates\imgui.obj
c:\users\aobri\source\repos\itnernal\build\intermediates\trampoline.obj
c:\users\aobri\source\repos\itnernal\build\intermediates\hook.obj
c:\users\aobri\source\repos\itnernal\build\intermediates\hde64.obj
c:\users\aobri\source\repos\itnernal\build\intermediates\hde32.obj
c:\users\aobri\source\repos\itnernal\build\intermediates\buffer.obj
c:\users\aobri\source\repos\itnernal\build\itnernal.dll
c:\users\aobri\source\repos\itnernal\build\intermediates\itnernal.iobj
c:\users\aobri\source\repos\itnernal\build\itnernal.pdb
c:\users\aobri\source\repos\itnernal\build\intermediates\itnernal.ipdb
c:\users\aobri\source\repos\itnernal\build\intermediates\itnernal.vcxproj.filelistabsolute.txt
c:\users\aobri\source\repos\itnernal\build\intermediates\itnernal.tlog\cl.command.1.tlog
c:\users\aobri\source\repos\itnernal\build\intermediates\itnernal.tlog\cl.read.1.tlog
c:\users\aobri\source\repos\itnernal\build\intermediates\itnernal.tlog\cl.write.1.tlog
c:\users\aobri\source\repos\itnernal\build\intermediates\itnernal.tlog\link.command.1.tlog
c:\users\aobri\source\repos\itnernal\build\intermediates\itnernal.tlog\link.read.1.tlog
c:\users\aobri\source\repos\itnernal\build\intermediates\itnernal.tlog\link.write.1.tlog
